{"C:\\Users\\shysh\\Desktop\\Noti\\Backend\\src\\app.ts": {"path":"C:\\Users\\shysh\\Desktop\\Noti\\Backend\\src\\app.ts","statementMap":{"0":{"start":{"line":1,"column":0},"end":{"line":1,"column":43}},"1":{"start":{"line":2,"column":12},"end":{"line":2,"column":21}},"2":{"start":{"line":3,"column":0},"end":{"line":3,"column":28}},"3":{"start":{"line":4,"column":0},"end":{"line":4,"column":16}},"4":{"start":{"line":5,"column":0},"end":{"line":5,"column":32}},"5":{"start":{"line":6,"column":0},"end":{"line":6,"column":45}},"6":{"start":{"line":7,"column":0},"end":{"line":7,"column":37}},"7":{"start":{"line":8,"column":0},"end":{"line":8,"column":44}},"8":{"start":{"line":10,"column":16},"end":{"line":26,"column":1}},"9":{"start":{"line":11,"column":20},"end":{"line":24,"column":6}},"10":{"start":{"line":12,"column":19},"end":{"line":12,"column":38}},"11":{"start":{"line":13,"column":8},"end":{"line":13,"column":46}},"12":{"start":{"line":14,"column":8},"end":{"line":14,"column":50}},"13":{"start":{"line":14,"column":32},"end":{"line":14,"column":48}},"14":{"start":{"line":15,"column":8},"end":{"line":15,"column":65}},"15":{"start":{"line":15,"column":30},"end":{"line":15,"column":63}},"16":{"start":{"line":16,"column":25},"end":{"line":16,"column":52}},"17":{"start":{"line":17,"column":8},"end":{"line":23,"column":null}},"18":{"start":{"line":18,"column":12},"end":{"line":18,"column":39}},"19":{"start":{"line":19,"column":12},"end":{"line":19,"column":63}},"20":{"start":{"line":20,"column":12},"end":{"line":20,"column":40}},"21":{"start":{"line":21,"column":12},"end":{"line":21,"column":40}},"22":{"start":{"line":22,"column":12},"end":{"line":22,"column":25}},"23":{"start":{"line":25,"column":4},"end":{"line":25,"column":19}},"24":{"start":{"line":28,"column":0},"end":{"line":28,"column":23}}},"fnMap":{"0":{"name":"(anonymous_1)","decl":{"start":{"line":10,"column":16},"end":{"line":10,"column":19}},"loc":{"start":{"line":10,"column":21},"end":{"line":26,"column":1}}},"1":{"name":"(anonymous_2)","decl":{"start":{"line":11,"column":41},"end":{"line":11,"column":42}},"loc":{"start":{"line":11,"column":53},"end":{"line":24,"column":5}}},"2":{"name":"(anonymous_3)","decl":{"start":{"line":14,"column":23},"end":{"line":14,"column":24}},"loc":{"start":{"line":14,"column":32},"end":{"line":14,"column":48}}},"3":{"name":"(anonymous_4)","decl":{"start":{"line":15,"column":24},"end":{"line":15,"column":27}},"loc":{"start":{"line":15,"column":30},"end":{"line":15,"column":63}}},"4":{"name":"(anonymous_5)","decl":{"start":{"line":17,"column":40},"end":{"line":17,"column":43}},"loc":{"start":{"line":17,"column":45},"end":{"line":23,"column":9}}}},"branchMap":{"0":{"loc":{"start":{"line":16,"column":25},"end":{"line":16,"column":52}},"type":"binary-expr","locations":[{"start":{"line":16,"column":25},"end":{"line":16,"column":46}},{"start":{"line":16,"column":50},"end":{"line":16,"column":52}}]}},"s":{"0":2,"1":2,"2":2,"3":2,"4":2,"5":2,"6":2,"7":2,"8":2,"9":2,"10":2,"11":2,"12":2,"13":0,"14":2,"15":2,"16":2,"17":2,"18":2,"19":2,"20":2,"21":2,"22":2,"23":2,"24":2},"f":{"0":2,"1":2,"2":0,"3":2,"4":2},"b":{"0":[2,0]}}
,"C:\\Users\\shysh\\Desktop\\Noti\\Backend\\src\\common\\auth_middleware.ts": {"path":"C:\\Users\\shysh\\Desktop\\Noti\\Backend\\src\\common\\auth_middleware.ts","statementMap":{"0":{"start":{"line":1,"column":0},"end":{"line":1,"column":31}},"1":{"start":{"line":10,"column":21},"end":{"line":40,"column":2}},"2":{"start":{"line":14,"column":19},"end":{"line":40,"column":2}},"3":{"start":{"line":15,"column":2},"end":{"line":39,"column":3}},"4":{"start":{"line":16,"column":21},"end":{"line":16,"column":49}},"5":{"start":{"line":17,"column":18},"end":{"line":17,"column":56}},"6":{"start":{"line":19,"column":4},"end":{"line":22,"column":5}},"7":{"start":{"line":20,"column":6},"end":{"line":20,"column":26}},"8":{"start":{"line":21,"column":6},"end":{"line":21,"column":13}},"9":{"start":{"line":24,"column":4},"end":{"line":34,"column":6}},"10":{"start":{"line":28,"column":8},"end":{"line":30,"column":9}},"11":{"start":{"line":29,"column":10},"end":{"line":29,"column":37}},"12":{"start":{"line":31,"column":8},"end":{"line":31,"column":41}},"13":{"start":{"line":32,"column":8},"end":{"line":32,"column":15}},"14":{"start":{"line":37,"column":4},"end":{"line":37,"column":50}},"15":{"start":{"line":38,"column":4},"end":{"line":38,"column":24}},"16":{"start":{"line":42,"column":0},"end":{"line":42,"column":28}}},"fnMap":{"0":{"name":"(anonymous_8)","decl":{"start":{"line":10,"column":21},"end":{"line":10,"column":null}},"loc":{"start":{"line":14,"column":19},"end":{"line":40,"column":2}}},"1":{"name":"(anonymous_9)","decl":{"start":{"line":14,"column":19},"end":{"line":14,"column":null}},"loc":{"start":{"line":14,"column":19},"end":{"line":40,"column":1}}},"2":{"name":"(anonymous_10)","decl":{"start":{"line":27,"column":6},"end":{"line":27,"column":7}},"loc":{"start":{"line":27,"column":33},"end":{"line":33,"column":7}}}},"branchMap":{"0":{"loc":{"start":{"line":17,"column":18},"end":{"line":17,"column":56}},"type":"binary-expr","locations":[{"start":{"line":17,"column":18},"end":{"line":17,"column":28}},{"start":{"line":17,"column":32},"end":{"line":17,"column":56}}]},"1":{"loc":{"start":{"line":19,"column":4},"end":{"line":22,"column":5}},"type":"if","locations":[{"start":{"line":19,"column":4},"end":{"line":22,"column":5}}]},"2":{"loc":{"start":{"line":28,"column":8},"end":{"line":30,"column":9}},"type":"if","locations":[{"start":{"line":28,"column":8},"end":{"line":30,"column":9}}]}},"s":{"0":2,"1":2,"2":6,"3":6,"4":6,"5":6,"6":6,"7":0,"8":0,"9":6,"10":6,"11":2,"12":4,"13":4,"14":0,"15":0,"16":2},"f":{"0":6,"1":6,"2":6},"b":{"0":[6,6],"1":[0],"2":[2]}}
,"C:\\Users\\shysh\\Desktop\\Noti\\Backend\\src\\controllers\\auth_controller.ts": {"path":"C:\\Users\\shysh\\Desktop\\Noti\\Backend\\src\\controllers\\auth_controller.ts","statementMap":{"0":{"start":{"line":2,"column":0},"end":{"line":2,"column":28}},"1":{"start":{"line":3,"column":0},"end":{"line":3,"column":40}},"2":{"start":{"line":4,"column":0},"end":{"line":4,"column":31}},"3":{"start":{"line":13,"column":17},"end":{"line":49,"column":2}},"4":{"start":{"line":13,"column":70},"end":{"line":49,"column":2}},"5":{"start":{"line":14,"column":2},"end":{"line":14,"column":32}},"6":{"start":{"line":15,"column":16},"end":{"line":15,"column":30}},"7":{"start":{"line":16,"column":2},"end":{"line":24,"column":3}},"8":{"start":{"line":17,"column":15},"end":{"line":17,"column":51}},"9":{"start":{"line":18,"column":4},"end":{"line":18,"column":31}},"10":{"start":{"line":19,"column":4},"end":{"line":21,"column":5}},"11":{"start":{"line":20,"column":6},"end":{"line":20,"column":63}},"12":{"start":{"line":23,"column":4},"end":{"line":23,"column":26}},"13":{"start":{"line":25,"column":19},"end":{"line":25,"column":36}},"14":{"start":{"line":26,"column":20},"end":{"line":26,"column":38}},"15":{"start":{"line":27,"column":19},"end":{"line":27,"column":36}},"16":{"start":{"line":28,"column":2},"end":{"line":30,"column":3}},"17":{"start":{"line":29,"column":4},"end":{"line":29,"column":26}},"18":{"start":{"line":31,"column":2},"end":{"line":31,"column":61}},"19":{"start":{"line":32,"column":2},"end":{"line":48,"column":3}},"20":{"start":{"line":33,"column":15},"end":{"line":33,"column":39}},"21":{"start":{"line":34,"column":25},"end":{"line":34,"column":58}},"22":{"start":{"line":35,"column":17},"end":{"line":40,"column":6}},"23":{"start":{"line":41,"column":18},"end":{"line":41,"column":35}},"24":{"start":{"line":42,"column":4},"end":{"line":42,"column":37}},"25":{"start":{"line":43,"column":4},"end":{"line":45,"column":69}},"26":{"start":{"line":47,"column":4},"end":{"line":47,"column":44}},"27":{"start":{"line":52,"column":2},"end":{"line":55,"column":5}},"28":{"start":{"line":58,"column":14},"end":{"line":96,"column":2}},"29":{"start":{"line":58,"column":67},"end":{"line":96,"column":2}},"30":{"start":{"line":60,"column":18},"end":{"line":60,"column":32}},"31":{"start":{"line":61,"column":21},"end":{"line":61,"column":38}},"32":{"start":{"line":62,"column":4},"end":{"line":64,"column":5}},"33":{"start":{"line":63,"column":6},"end":{"line":63,"column":53}},"34":{"start":{"line":65,"column":4},"end":{"line":94,"column":5}},"35":{"start":{"line":66,"column":17},"end":{"line":66,"column":53}},"36":{"start":{"line":67,"column":6},"end":{"line":69,"column":7}},"37":{"start":{"line":68,"column":8},"end":{"line":68,"column":48}},"38":{"start":{"line":70,"column":20},"end":{"line":70,"column":50}},"39":{"start":{"line":71,"column":6},"end":{"line":73,"column":7}},"40":{"start":{"line":72,"column":8},"end":{"line":72,"column":53}},"41":{"start":{"line":74,"column":26},"end":{"line":77,"column":null}},"42":{"start":{"line":79,"column":27},"end":{"line":81,"column":null}},"43":{"start":{"line":83,"column":6},"end":{"line":87,"column":7}},"44":{"start":{"line":84,"column":8},"end":{"line":84,"column":37}},"45":{"start":{"line":86,"column":8},"end":{"line":86,"column":39}},"46":{"start":{"line":88,"column":6},"end":{"line":88,"column":24}},"47":{"start":{"line":89,"column":6},"end":{"line":91,"column":72}},"48":{"start":{"line":93,"column":6},"end":{"line":93,"column":28}},"49":{"start":{"line":98,"column":21},"end":{"line":164,"column":2}},"50":{"start":{"line":102,"column":19},"end":{"line":164,"column":2}},"51":{"start":{"line":103,"column":19},"end":{"line":103,"column":47}},"52":{"start":{"line":104,"column":16},"end":{"line":104,"column":54}},"53":{"start":{"line":105,"column":2},"end":{"line":105,"column":42}},"54":{"start":{"line":105,"column":22},"end":{"line":105,"column":42}},"55":{"start":{"line":106,"column":2},"end":{"line":106,"column":31}},"56":{"start":{"line":107,"column":2},"end":{"line":163,"column":5}},"57":{"start":{"line":107,"column":78},"end":{"line":163,"column":4}},"58":{"start":{"line":108,"column":4},"end":{"line":111,"column":5}},"59":{"start":{"line":109,"column":6},"end":{"line":109,"column":54}},"60":{"start":{"line":110,"column":6},"end":{"line":110,"column":65}},"61":{"start":{"line":112,"column":4},"end":{"line":115,"column":5}},"62":{"start":{"line":113,"column":6},"end":{"line":113,"column":44}},"63":{"start":{"line":114,"column":6},"end":{"line":114,"column":60}},"64":{"start":{"line":116,"column":4},"end":{"line":162,"column":5}},"65":{"start":{"line":117,"column":6},"end":{"line":117,"column":42}},"66":{"start":{"line":118,"column":6},"end":{"line":121,"column":7}},"67":{"start":{"line":119,"column":8},"end":{"line":119,"column":64}},"68":{"start":{"line":120,"column":8},"end":{"line":120,"column":62}},"69":{"start":{"line":122,"column":19},"end":{"line":122,"column":55}},"70":{"start":{"line":123,"column":6},"end":{"line":130,"column":7}},"71":{"start":{"line":124,"column":8},"end":{"line":124,"column":39}},"72":{"start":{"line":125,"column":8},"end":{"line":125,"column":55}},"73":{"start":{"line":127,"column":11},"end":{"line":130,"column":7}},"74":{"start":{"line":128,"column":8},"end":{"line":128,"column":48}},"75":{"start":{"line":129,"column":8},"end":{"line":129,"column":64}},"76":{"start":{"line":131,"column":6},"end":{"line":136,"column":7}},"77":{"start":{"line":132,"column":8},"end":{"line":132,"column":25}},"78":{"start":{"line":133,"column":8},"end":{"line":133,"column":26}},"79":{"start":{"line":134,"column":8},"end":{"line":134,"column":48}},"80":{"start":{"line":135,"column":8},"end":{"line":135,"column":65}},"81":{"start":{"line":138,"column":26},"end":{"line":141,"column":null}},"82":{"start":{"line":144,"column":27},"end":{"line":146,"column":null}},"83":{"start":{"line":150,"column":25},"end":{"line":150,"column":51}},"84":{"start":{"line":151,"column":6},"end":{"line":155,"column":7}},"85":{"start":{"line":152,"column":8},"end":{"line":152,"column":47}},"86":{"start":{"line":154,"column":8},"end":{"line":154,"column":39}},"87":{"start":{"line":156,"column":6},"end":{"line":156,"column":24}},"88":{"start":{"line":158,"column":6},"end":{"line":158,"column":72}},"89":{"start":{"line":160,"column":6},"end":{"line":160,"column":51}},"90":{"start":{"line":161,"column":6},"end":{"line":161,"column":40}},"91":{"start":{"line":166,"column":15},"end":{"line":197,"column":2}},"92":{"start":{"line":166,"column":68},"end":{"line":197,"column":2}},"93":{"start":{"line":167,"column":19},"end":{"line":167,"column":47}},"94":{"start":{"line":168,"column":16},"end":{"line":168,"column":54}},"95":{"start":{"line":169,"column":2},"end":{"line":169,"column":42}},"96":{"start":{"line":169,"column":22},"end":{"line":169,"column":42}},"97":{"start":{"line":171,"column":2},"end":{"line":196,"column":4}},"98":{"start":{"line":174,"column":28},"end":{"line":195,"column":null}},"99":{"start":{"line":175,"column":6},"end":{"line":175,"column":56}},"100":{"start":{"line":175,"column":15},"end":{"line":175,"column":56}},"101":{"start":{"line":176,"column":6},"end":{"line":176,"column":75}},"102":{"start":{"line":176,"column":21},"end":{"line":176,"column":75}},"103":{"start":{"line":178,"column":6},"end":{"line":194,"column":7}},"104":{"start":{"line":179,"column":21},"end":{"line":179,"column":54}},"105":{"start":{"line":180,"column":8},"end":{"line":180,"column":74}},"106":{"start":{"line":180,"column":27},"end":{"line":180,"column":74}},"107":{"start":{"line":182,"column":8},"end":{"line":186,"column":9}},"108":{"start":{"line":183,"column":10},"end":{"line":183,"column":27}},"109":{"start":{"line":184,"column":10},"end":{"line":184,"column":28}},"110":{"start":{"line":185,"column":10},"end":{"line":185,"column":57}},"111":{"start":{"line":188,"column":8},"end":{"line":188,"column":58}},"112":{"start":{"line":189,"column":8},"end":{"line":189,"column":26}},"113":{"start":{"line":191,"column":8},"end":{"line":191,"column":61}},"114":{"start":{"line":193,"column":8},"end":{"line":193,"column":42}},"115":{"start":{"line":199,"column":0},"end":{"line":204,"column":2}}},"fnMap":{"0":{"name":"(anonymous_8)","decl":{"start":{"line":13,"column":17},"end":{"line":13,"column":24}},"loc":{"start":{"line":13,"column":70},"end":{"line":49,"column":2}}},"1":{"name":"(anonymous_9)","decl":{"start":{"line":13,"column":70},"end":{"line":13,"column":null}},"loc":{"start":{"line":13,"column":70},"end":{"line":49,"column":1}}},"2":{"name":"sendError","decl":{"start":{"line":51,"column":9},"end":{"line":51,"column":18}},"loc":{"start":{"line":51,"column":47},"end":{"line":56,"column":1}}},"3":{"name":"(anonymous_11)","decl":{"start":{"line":58,"column":14},"end":{"line":58,"column":21}},"loc":{"start":{"line":58,"column":67},"end":{"line":96,"column":2}}},"4":{"name":"(anonymous_12)","decl":{"start":{"line":58,"column":67},"end":{"line":58,"column":null}},"loc":{"start":{"line":58,"column":67},"end":{"line":96,"column":1}}},"5":{"name":"(anonymous_13)","decl":{"start":{"line":98,"column":21},"end":{"line":98,"column":null}},"loc":{"start":{"line":102,"column":19},"end":{"line":164,"column":2}}},"6":{"name":"(anonymous_14)","decl":{"start":{"line":102,"column":19},"end":{"line":102,"column":null}},"loc":{"start":{"line":102,"column":19},"end":{"line":164,"column":1}}},"7":{"name":"(anonymous_15)","decl":{"start":{"line":107,"column":54},"end":{"line":107,"column":61}},"loc":{"start":{"line":107,"column":78},"end":{"line":163,"column":4}}},"8":{"name":"(anonymous_16)","decl":{"start":{"line":107,"column":78},"end":{"line":107,"column":null}},"loc":{"start":{"line":107,"column":78},"end":{"line":163,"column":3}}},"9":{"name":"(anonymous_17)","decl":{"start":{"line":166,"column":15},"end":{"line":166,"column":22}},"loc":{"start":{"line":166,"column":68},"end":{"line":197,"column":2}}},"10":{"name":"(anonymous_18)","decl":{"start":{"line":166,"column":68},"end":{"line":166,"column":null}},"loc":{"start":{"line":166,"column":68},"end":{"line":197,"column":1}}},"11":{"name":"(anonymous_19)","decl":{"start":{"line":174,"column":4},"end":{"line":174,"column":11}},"loc":{"start":{"line":174,"column":28},"end":{"line":195,"column":null}}},"12":{"name":"(anonymous_20)","decl":{"start":{"line":174,"column":28},"end":{"line":174,"column":null}},"loc":{"start":{"line":174,"column":28},"end":{"line":195,"column":5}}}},"branchMap":{"0":{"loc":{"start":{"line":19,"column":4},"end":{"line":21,"column":5}},"type":"if","locations":[{"start":{"line":19,"column":4},"end":{"line":21,"column":5}}]},"1":{"loc":{"start":{"line":28,"column":2},"end":{"line":30,"column":3}},"type":"if","locations":[{"start":{"line":28,"column":2},"end":{"line":30,"column":3}}]},"2":{"loc":{"start":{"line":28,"column":6},"end":{"line":28,"column":52}},"type":"binary-expr","locations":[{"start":{"line":28,"column":6},"end":{"line":28,"column":12}},{"start":{"line":28,"column":16},"end":{"line":28,"column":25}},{"start":{"line":28,"column":29},"end":{"line":28,"column":39}},{"start":{"line":28,"column":43},"end":{"line":28,"column":52}}]},"3":{"loc":{"start":{"line":51,"column":24},"end":{"line":51,"column":47}},"type":"default-arg","locations":[{"start":{"line":51,"column":30},"end":{"line":51,"column":47}}]},"4":{"loc":{"start":{"line":62,"column":4},"end":{"line":64,"column":5}},"type":"if","locations":[{"start":{"line":62,"column":4},"end":{"line":64,"column":5}}]},"5":{"loc":{"start":{"line":62,"column":8},"end":{"line":62,"column":27}},"type":"binary-expr","locations":[{"start":{"line":62,"column":8},"end":{"line":62,"column":14}},{"start":{"line":62,"column":18},"end":{"line":62,"column":27}}]},"6":{"loc":{"start":{"line":67,"column":6},"end":{"line":69,"column":7}},"type":"if","locations":[{"start":{"line":67,"column":6},"end":{"line":69,"column":7}}]},"7":{"loc":{"start":{"line":71,"column":6},"end":{"line":73,"column":7}},"type":"if","locations":[{"start":{"line":71,"column":6},"end":{"line":73,"column":7}}]},"8":{"loc":{"start":{"line":83,"column":6},"end":{"line":87,"column":7}},"type":"if","locations":[{"start":{"line":83,"column":6},"end":{"line":87,"column":7}},{"start":{"line":85,"column":13},"end":{"line":87,"column":7}}]},"9":{"loc":{"start":{"line":104,"column":16},"end":{"line":104,"column":54}},"type":"binary-expr","locations":[{"start":{"line":104,"column":16},"end":{"line":104,"column":26}},{"start":{"line":104,"column":30},"end":{"line":104,"column":54}}]},"10":{"loc":{"start":{"line":105,"column":2},"end":{"line":105,"column":42}},"type":"if","locations":[{"start":{"line":105,"column":2},"end":{"line":105,"column":42}}]},"11":{"loc":{"start":{"line":108,"column":4},"end":{"line":111,"column":5}},"type":"if","locations":[{"start":{"line":108,"column":4},"end":{"line":111,"column":5}}]},"12":{"loc":{"start":{"line":112,"column":4},"end":{"line":115,"column":5}},"type":"if","locations":[{"start":{"line":112,"column":4},"end":{"line":115,"column":5}}]},"13":{"loc":{"start":{"line":118,"column":6},"end":{"line":121,"column":7}},"type":"if","locations":[{"start":{"line":118,"column":6},"end":{"line":121,"column":7}}]},"14":{"loc":{"start":{"line":123,"column":6},"end":{"line":130,"column":7}},"type":"if","locations":[{"start":{"line":123,"column":6},"end":{"line":130,"column":7}},{"start":{"line":127,"column":11},"end":{"line":130,"column":7}}]},"15":{"loc":{"start":{"line":127,"column":11},"end":{"line":130,"column":7}},"type":"if","locations":[{"start":{"line":127,"column":11},"end":{"line":130,"column":7}}]},"16":{"loc":{"start":{"line":131,"column":6},"end":{"line":136,"column":7}},"type":"if","locations":[{"start":{"line":131,"column":6},"end":{"line":136,"column":7}}]},"17":{"loc":{"start":{"line":151,"column":6},"end":{"line":155,"column":7}},"type":"if","locations":[{"start":{"line":151,"column":6},"end":{"line":155,"column":7}},{"start":{"line":153,"column":13},"end":{"line":155,"column":7}}]},"18":{"loc":{"start":{"line":168,"column":16},"end":{"line":168,"column":54}},"type":"binary-expr","locations":[{"start":{"line":168,"column":16},"end":{"line":168,"column":26}},{"start":{"line":168,"column":30},"end":{"line":168,"column":54}}]},"19":{"loc":{"start":{"line":169,"column":2},"end":{"line":169,"column":42}},"type":"if","locations":[{"start":{"line":169,"column":2},"end":{"line":169,"column":42}}]},"20":{"loc":{"start":{"line":175,"column":6},"end":{"line":175,"column":56}},"type":"if","locations":[{"start":{"line":175,"column":6},"end":{"line":175,"column":56}}]},"21":{"loc":{"start":{"line":176,"column":6},"end":{"line":176,"column":75}},"type":"if","locations":[{"start":{"line":176,"column":6},"end":{"line":176,"column":75}}]},"22":{"loc":{"start":{"line":180,"column":8},"end":{"line":180,"column":74}},"type":"if","locations":[{"start":{"line":180,"column":8},"end":{"line":180,"column":74}}]},"23":{"loc":{"start":{"line":182,"column":8},"end":{"line":186,"column":9}},"type":"if","locations":[{"start":{"line":182,"column":8},"end":{"line":186,"column":9}}]}},"s":{"0":2,"1":2,"2":2,"3":2,"4":2,"5":2,"6":2,"7":2,"8":2,"9":2,"10":2,"11":0,"12":0,"13":2,"14":2,"15":2,"16":2,"17":0,"18":2,"19":2,"20":2,"21":2,"22":2,"23":2,"24":2,"25":2,"26":0,"27":0,"28":2,"29":7,"30":7,"31":7,"32":7,"33":0,"34":7,"35":7,"36":7,"37":0,"38":7,"39":7,"40":0,"41":7,"42":7,"43":7,"44":7,"45":0,"46":7,"47":7,"48":0,"49":2,"50":1,"51":1,"52":1,"53":1,"54":0,"55":1,"56":1,"57":1,"58":1,"59":0,"60":0,"61":1,"62":0,"63":0,"64":1,"65":1,"66":1,"67":0,"68":0,"69":1,"70":1,"71":0,"72":0,"73":1,"74":0,"75":0,"76":1,"77":0,"78":0,"79":0,"80":0,"81":1,"82":1,"83":1,"84":1,"85":1,"86":0,"87":1,"88":1,"89":0,"90":0,"91":2,"92":0,"93":0,"94":0,"95":0,"96":0,"97":0,"98":0,"99":0,"100":0,"101":0,"102":0,"103":0,"104":0,"105":0,"106":0,"107":0,"108":0,"109":0,"110":0,"111":0,"112":0,"113":0,"114":0,"115":2},"f":{"0":2,"1":2,"2":0,"3":7,"4":7,"5":1,"6":1,"7":1,"8":1,"9":0,"10":0,"11":0,"12":0},"b":{"0":[0],"1":[0],"2":[2,2,2,2],"3":[0],"4":[0],"5":[7,7],"6":[0],"7":[0],"8":[7,0],"9":[1,1],"10":[0],"11":[0],"12":[0],"13":[0],"14":[0,1],"15":[0],"16":[0],"17":[1,0],"18":[0,0],"19":[0],"20":[0],"21":[0],"22":[0],"23":[0]}}
,"C:\\Users\\shysh\\Desktop\\Noti\\Backend\\src\\controllers\\base_controller.ts": {"path":"C:\\Users\\shysh\\Desktop\\Noti\\Backend\\src\\controllers\\base_controller.ts","statementMap":{"0":{"start":{"line":7,"column":6},"end":{"line":7,"column":33}},"1":{"start":{"line":11,"column":4},"end":{"line":11,"column":26}},"2":{"start":{"line":12,"column":16},"end":{"line":12,"column":44}},"3":{"start":{"line":14,"column":4},"end":{"line":20,"column":5}},"4":{"start":{"line":15,"column":23},"end":{"line":15,"column":39}},"5":{"start":{"line":16,"column":6},"end":{"line":16,"column":37}},"6":{"start":{"line":18,"column":6},"end":{"line":18,"column":25}},"7":{"start":{"line":19,"column":6},"end":{"line":19,"column":47}},"8":{"start":{"line":25,"column":0},"end":{"line":25,"column":30}}},"fnMap":{"0":{"name":"(anonymous_7)","decl":{"start":{"line":6,"column":2},"end":{"line":6,"column":14}},"loc":{"start":{"line":6,"column":50},"end":{"line":8,"column":3}}},"1":{"name":"(anonymous_8)","decl":{"start":{"line":10,"column":8},"end":{"line":10,"column":12}},"loc":{"start":{"line":10,"column":40},"end":{"line":21,"column":null}}}},"branchMap":{},"s":{"0":2,"1":0,"2":0,"3":0,"4":0,"5":0,"6":0,"7":0,"8":2},"f":{"0":2,"1":0},"b":{}}
,"C:\\Users\\shysh\\Desktop\\Noti\\Backend\\src\\controllers\\post_controller.ts": {"path":"C:\\Users\\shysh\\Desktop\\Noti\\Backend\\src\\controllers\\post_controller.ts","statementMap":{"0":{"start":{"line":2,"column":0},"end":{"line":2,"column":51}},"1":{"start":{"line":3,"column":0},"end":{"line":3,"column":49}},"2":{"start":{"line":7,"column":4},"end":{"line":7,"column":16}},"3":{"start":{"line":11,"column":4},"end":{"line":17,"column":5}},"4":{"start":{"line":12,"column":20},"end":{"line":12,"column":37}},"5":{"start":{"line":13,"column":6},"end":{"line":13,"column":34}},"6":{"start":{"line":14,"column":6},"end":{"line":14,"column":59}},"7":{"start":{"line":16,"column":6},"end":{"line":16,"column":66}},"8":{"start":{"line":18,"column":4},"end":{"line":18,"column":11}},"9":{"start":{"line":22,"column":4},"end":{"line":22,"column":44}},"10":{"start":{"line":23,"column":17},"end":{"line":29,"column":6}},"11":{"start":{"line":30,"column":4},"end":{"line":30,"column":39}},"12":{"start":{"line":31,"column":4},"end":{"line":37,"column":5}},"13":{"start":{"line":32,"column":22},"end":{"line":32,"column":39}},"14":{"start":{"line":33,"column":6},"end":{"line":33,"column":36}},"15":{"start":{"line":34,"column":6},"end":{"line":34,"column":58}},"16":{"start":{"line":36,"column":6},"end":{"line":36,"column":66}},"17":{"start":{"line":41,"column":4},"end":{"line":51,"column":5}},"18":{"start":{"line":42,"column":21},"end":{"line":42,"column":64}},"19":{"start":{"line":43,"column":6},"end":{"line":46,"column":7}},"20":{"start":{"line":44,"column":8},"end":{"line":44,"column":60}},"21":{"start":{"line":45,"column":8},"end":{"line":45,"column":15}},"22":{"start":{"line":47,"column":6},"end":{"line":47,"column":44}},"23":{"start":{"line":48,"column":6},"end":{"line":48,"column":47}},"24":{"start":{"line":50,"column":6},"end":{"line":50,"column":66}},"25":{"start":{"line":55,"column":0},"end":{"line":55,"column":36}}},"fnMap":{"0":{"name":"(anonymous_8)","decl":{"start":{"line":6,"column":2},"end":{"line":6,"column":null}},"loc":{"start":{"line":6,"column":2},"end":{"line":8,"column":3}}},"1":{"name":"(anonymous_9)","decl":{"start":{"line":10,"column":8},"end":{"line":10,"column":16}},"loc":{"start":{"line":10,"column":44},"end":{"line":19,"column":null}}},"2":{"name":"(anonymous_11)","decl":{"start":{"line":21,"column":8},"end":{"line":21,"column":18}},"loc":{"start":{"line":21,"column":46},"end":{"line":38,"column":null}}},"3":{"name":"(anonymous_13)","decl":{"start":{"line":40,"column":8},"end":{"line":40,"column":18}},"loc":{"start":{"line":40,"column":46},"end":{"line":52,"column":null}}}},"branchMap":{"0":{"loc":{"start":{"line":43,"column":6},"end":{"line":46,"column":7}},"type":"if","locations":[{"start":{"line":43,"column":6},"end":{"line":46,"column":7}}]}},"s":{"0":2,"1":2,"2":2,"3":2,"4":2,"5":2,"6":2,"7":0,"8":2,"9":1,"10":1,"11":1,"12":1,"13":1,"14":1,"15":1,"16":0,"17":1,"18":1,"19":1,"20":0,"21":0,"22":1,"23":1,"24":0,"25":2},"f":{"0":2,"1":2,"2":1,"3":1},"b":{"0":[0]}}
,"C:\\Users\\shysh\\Desktop\\Noti\\Backend\\src\\models\\post_model.ts": {"path":"C:\\Users\\shysh\\Desktop\\Noti\\Backend\\src\\models\\post_model.ts","statementMap":{"0":{"start":{"line":1,"column":0},"end":{"line":1,"column":44}},"1":{"start":{"line":10,"column":19},"end":{"line":30,"column":null}},"2":{"start":{"line":33,"column":0},"end":{"line":33,"column":65}}},"fnMap":{},"branchMap":{},"s":{"0":2,"1":2,"2":2},"f":{},"b":{}}
,"C:\\Users\\shysh\\Desktop\\Noti\\Backend\\src\\models\\user_model.ts": {"path":"C:\\Users\\shysh\\Desktop\\Noti\\Backend\\src\\models\\user_model.ts","statementMap":{"0":{"start":{"line":1,"column":0},"end":{"line":1,"column":54}},"1":{"start":{"line":2,"column":0},"end":{"line":2,"column":28}},"2":{"start":{"line":18,"column":19},"end":{"line":60,"column":2}},"3":{"start":{"line":62,"column":0},"end":{"line":72,"column":3}},"4":{"start":{"line":63,"column":2},"end":{"line":63,"column":54}},"5":{"start":{"line":63,"column":40},"end":{"line":63,"column":54}},"6":{"start":{"line":65,"column":2},"end":{"line":71,"column":3}},"7":{"start":{"line":66,"column":17},"end":{"line":66,"column":41}},"8":{"start":{"line":67,"column":4},"end":{"line":67,"column":67}},"9":{"start":{"line":68,"column":4},"end":{"line":68,"column":11}},"10":{"start":{"line":70,"column":4},"end":{"line":70,"column":16}},"11":{"start":{"line":74,"column":0},"end":{"line":78,"column":2}},"12":{"start":{"line":77,"column":2},"end":{"line":77,"column":53}},"13":{"start":{"line":80,"column":13},"end":{"line":80,"column":54}},"14":{"start":{"line":82,"column":0},"end":{"line":82,"column":20}}},"fnMap":{"0":{"name":"(anonymous_14)","decl":{"start":{"line":62,"column":30},"end":{"line":62,"column":46}},"loc":{"start":{"line":62,"column":50},"end":{"line":72,"column":2}}},"1":{"name":"(anonymous_16)","decl":{"start":{"line":74,"column":37},"end":{"line":74,"column":null}},"loc":{"start":{"line":75,"column":18},"end":{"line":78,"column":2}}}},"branchMap":{"0":{"loc":{"start":{"line":63,"column":2},"end":{"line":63,"column":54}},"type":"if","locations":[{"start":{"line":63,"column":2},"end":{"line":63,"column":54}}]}},"s":{"0":2,"1":2,"2":2,"3":2,"4":10,"5":8,"6":2,"7":2,"8":2,"9":2,"10":0,"11":2,"12":7,"13":2,"14":2},"f":{"0":10,"1":7},"b":{"0":[8]}}
,"C:\\Users\\shysh\\Desktop\\Noti\\Backend\\src\\routes\\auth_route.ts": {"path":"C:\\Users\\shysh\\Desktop\\Noti\\Backend\\src\\routes\\auth_route.ts","statementMap":{"0":{"start":{"line":1,"column":0},"end":{"line":1,"column":30}},"1":{"start":{"line":2,"column":0},"end":{"line":2,"column":50}},"2":{"start":{"line":3,"column":0},"end":{"line":3,"column":53}},"3":{"start":{"line":4,"column":15},"end":{"line":4,"column":31}},"4":{"start":{"line":7,"column":0},"end":{"line":7,"column":34}},"5":{"start":{"line":8,"column":0},"end":{"line":8,"column":40}},"6":{"start":{"line":9,"column":0},"end":{"line":9,"column":49}},"7":{"start":{"line":10,"column":0},"end":{"line":10,"column":48}},"8":{"start":{"line":12,"column":0},"end":{"line":12,"column":22}}},"fnMap":{},"branchMap":{},"s":{"0":2,"1":2,"2":2,"3":2,"4":2,"5":2,"6":2,"7":2,"8":2},"f":{},"b":{}}
,"C:\\Users\\shysh\\Desktop\\Noti\\Backend\\src\\routes\\post_routes.ts": {"path":"C:\\Users\\shysh\\Desktop\\Noti\\Backend\\src\\routes\\post_routes.ts","statementMap":{"0":{"start":{"line":1,"column":0},"end":{"line":1,"column":30}},"1":{"start":{"line":2,"column":15},"end":{"line":2,"column":31}},"2":{"start":{"line":3,"column":0},"end":{"line":3,"column":60}},"3":{"start":{"line":4,"column":0},"end":{"line":4,"column":53}},"4":{"start":{"line":6,"column":0},"end":{"line":6,"column":null}},"5":{"start":{"line":8,"column":0},"end":{"line":8,"column":null}},"6":{"start":{"line":10,"column":0},"end":{"line":10,"column":null}},"7":{"start":{"line":12,"column":0},"end":{"line":12,"column":83}},"8":{"start":{"line":16,"column":0},"end":{"line":16,"column":22}}},"fnMap":{},"branchMap":{},"s":{"0":2,"1":2,"2":2,"3":2,"4":2,"5":2,"6":2,"7":2,"8":2},"f":{},"b":{}}
}
