TN:
SF:src\app.ts
FN:10,(anonymous_1)
FN:11,(anonymous_2)
FN:14,(anonymous_3)
FN:15,(anonymous_4)
FN:17,(anonymous_5)
FNF:5
FNH:4
FNDA:1,(anonymous_1)
FNDA:1,(anonymous_2)
FNDA:0,(anonymous_3)
FNDA:1,(anonymous_4)
FNDA:1,(anonymous_5)
DA:1,1
DA:2,1
DA:3,1
DA:4,1
DA:5,1
DA:6,1
DA:7,1
DA:8,1
DA:10,1
DA:11,1
DA:12,1
DA:13,1
DA:14,1
DA:15,1
DA:16,1
DA:17,1
DA:18,1
DA:19,1
DA:20,1
DA:21,1
DA:22,1
DA:25,1
DA:28,1
LF:23
LH:23
BRDA:16,0,0,1
BRDA:16,0,1,0
BRF:2
BRH:1
end_of_record
TN:
SF:src\common\auth_middleware.ts
FN:10,(anonymous_8)
FN:14,(anonymous_9)
FN:27,(anonymous_10)
FNF:3
FNH:3
FNDA:3,(anonymous_8)
FNDA:3,(anonymous_9)
FNDA:3,(anonymous_10)
DA:1,1
DA:10,1
DA:14,3
DA:15,3
DA:16,3
DA:17,3
DA:19,3
DA:20,0
DA:21,0
DA:24,3
DA:28,3
DA:29,1
DA:31,2
DA:32,2
DA:37,0
DA:38,0
DA:42,1
LF:17
LH:13
BRDA:17,0,0,3
BRDA:17,0,1,3
BRDA:19,1,0,0
BRDA:28,2,0,1
BRF:4
BRH:3
end_of_record
TN:
SF:src\controllers\auth_controller.ts
FN:13,(anonymous_8)
FN:13,(anonymous_9)
FN:51,sendError
FN:58,(anonymous_11)
FN:58,(anonymous_12)
FN:98,(anonymous_13)
FN:102,(anonymous_14)
FN:110,(anonymous_15)
FN:110,(anonymous_16)
FN:147,(anonymous_17)
FN:147,(anonymous_18)
FN:155,(anonymous_19)
FN:155,(anonymous_20)
FNF:13
FNH:4
FNDA:1,(anonymous_8)
FNDA:1,(anonymous_9)
FNDA:0,sendError
FNDA:1,(anonymous_11)
FNDA:1,(anonymous_12)
FNDA:0,(anonymous_13)
FNDA:0,(anonymous_14)
FNDA:0,(anonymous_15)
FNDA:0,(anonymous_16)
FNDA:0,(anonymous_17)
FNDA:0,(anonymous_18)
FNDA:0,(anonymous_19)
FNDA:0,(anonymous_20)
DA:2,1
DA:3,1
DA:4,1
DA:13,1
DA:14,1
DA:15,1
DA:16,1
DA:17,1
DA:18,1
DA:19,1
DA:20,0
DA:23,0
DA:25,1
DA:26,1
DA:27,1
DA:28,1
DA:29,0
DA:31,1
DA:32,1
DA:33,1
DA:34,1
DA:35,1
DA:41,1
DA:42,1
DA:43,1
DA:47,0
DA:52,0
DA:58,1
DA:60,1
DA:61,1
DA:62,1
DA:63,0
DA:65,1
DA:66,1
DA:67,1
DA:68,0
DA:70,1
DA:71,1
DA:72,0
DA:74,1
DA:79,1
DA:83,1
DA:84,1
DA:86,0
DA:88,1
DA:89,1
DA:93,0
DA:98,1
DA:102,0
DA:103,0
DA:104,0
DA:105,0
DA:107,0
DA:110,0
DA:111,0
DA:112,0
DA:114,0
DA:115,0
DA:116,0
DA:118,0
DA:119,0
DA:120,0
DA:121,0
DA:124,0
DA:130,0
DA:136,0
DA:137,0
DA:139,0
DA:141,0
DA:147,1
DA:148,0
DA:149,0
DA:150,0
DA:152,0
DA:155,0
DA:156,0
DA:157,0
DA:159,0
DA:160,0
DA:161,0
DA:163,0
DA:164,0
DA:165,0
DA:166,0
DA:169,0
DA:170,0
DA:172,0
DA:174,0
DA:180,1
LF:89
LH:40
BRDA:19,0,0,0
BRDA:28,1,0,0
BRDA:28,2,0,1
BRDA:28,2,1,1
BRDA:28,2,2,1
BRDA:28,2,3,1
BRDA:51,3,0,0
BRDA:62,4,0,0
BRDA:62,5,0,1
BRDA:62,5,1,1
BRDA:67,6,0,0
BRDA:71,7,0,0
BRDA:83,8,0,1
BRDA:83,8,1,0
BRDA:104,9,0,0
BRDA:104,9,1,0
BRDA:105,10,0,0
BRDA:111,11,0,0
BRDA:112,12,0,0
BRDA:116,13,0,0
BRDA:118,14,0,0
BRDA:149,15,0,0
BRDA:149,15,1,0
BRDA:150,16,0,0
BRDA:156,17,0,0
BRDA:157,18,0,0
BRDA:161,19,0,0
BRDA:163,20,0,0
BRF:28
BRH:7
end_of_record
TN:
SF:src\controllers\base_controller.ts
FN:6,(anonymous_7)
FN:10,(anonymous_8)
FNF:2
FNH:1
FNDA:1,(anonymous_7)
FNDA:0,(anonymous_8)
DA:7,1
DA:11,0
DA:12,0
DA:14,0
DA:15,0
DA:16,0
DA:18,0
DA:19,0
DA:25,1
LF:9
LH:2
BRF:0
BRH:0
end_of_record
TN:
SF:src\controllers\post_controller.ts
FN:6,(anonymous_8)
FN:10,(anonymous_9)
FN:21,(anonymous_11)
FN:40,(anonymous_13)
FNF:4
FNH:2
FNDA:1,(anonymous_8)
FNDA:2,(anonymous_9)
FNDA:0,(anonymous_11)
FNDA:0,(anonymous_13)
DA:2,1
DA:3,1
DA:7,1
DA:11,2
DA:12,2
DA:13,2
DA:14,2
DA:16,0
DA:18,2
DA:22,0
DA:23,0
DA:30,0
DA:31,0
DA:32,0
DA:33,0
DA:34,0
DA:36,0
DA:41,0
DA:42,0
DA:43,0
DA:44,0
DA:45,0
DA:47,0
DA:48,0
DA:50,0
DA:55,1
LF:26
LH:9
BRDA:43,0,0,0
BRF:1
BRH:0
end_of_record
TN:
SF:src\models\post_model.ts
FNF:0
FNH:0
DA:1,1
DA:10,1
DA:33,1
LF:3
LH:3
BRF:0
BRH:0
end_of_record
TN:
SF:src\models\user_model.ts
FN:62,(anonymous_14)
FN:74,(anonymous_16)
FNF:2
FNH:2
FNDA:2,(anonymous_14)
FNDA:1,(anonymous_16)
DA:1,1
DA:2,1
DA:18,1
DA:62,1
DA:63,2
DA:65,1
DA:66,1
DA:67,1
DA:68,1
DA:70,0
DA:74,1
DA:77,1
DA:80,1
DA:82,1
LF:14
LH:13
BRDA:63,0,0,1
BRF:1
BRH:1
end_of_record
TN:
SF:src\routes\auth_route.ts
FNF:0
FNH:0
DA:1,1
DA:2,1
DA:3,1
DA:6,1
DA:7,1
DA:8,1
DA:9,1
DA:10,1
LF:8
LH:8
BRF:0
BRH:0
end_of_record
TN:
SF:src\routes\post_routes.ts
FNF:0
FNH:0
DA:1,1
DA:2,1
DA:3,1
DA:4,1
DA:6,1
DA:8,1
DA:10,1
DA:12,1
DA:16,1
LF:9
LH:9
BRF:0
BRH:0
end_of_record
