TN:
SF:src\app.ts
FN:10,(anonymous_1)
FN:11,(anonymous_2)
FN:14,(anonymous_3)
FN:15,(anonymous_4)
FN:17,(anonymous_5)
FNF:5
FNH:4
FNDA:2,(anonymous_1)
FNDA:2,(anonymous_2)
FNDA:0,(anonymous_3)
FNDA:2,(anonymous_4)
FNDA:2,(anonymous_5)
DA:1,2
DA:2,2
DA:3,2
DA:4,2
DA:5,2
DA:6,2
DA:7,2
DA:8,2
DA:10,2
DA:11,2
DA:12,2
DA:13,2
DA:14,2
DA:15,2
DA:16,2
DA:17,2
DA:18,2
DA:19,2
DA:20,2
DA:21,2
DA:22,2
DA:25,2
DA:28,2
LF:23
LH:23
BRDA:16,0,0,2
BRDA:16,0,1,0
BRF:2
BRH:1
end_of_record
TN:
SF:src\common\auth_middleware.ts
FN:10,(anonymous_8)
FN:14,(anonymous_9)
FN:27,(anonymous_10)
FNF:3
FNH:3
FNDA:6,(anonymous_8)
FNDA:6,(anonymous_9)
FNDA:6,(anonymous_10)
DA:1,2
DA:10,2
DA:14,6
DA:15,6
DA:16,6
DA:17,6
DA:19,6
DA:20,0
DA:21,0
DA:24,6
DA:28,6
DA:29,2
DA:31,4
DA:32,4
DA:37,0
DA:38,0
DA:42,2
LF:17
LH:13
BRDA:17,0,0,6
BRDA:17,0,1,6
BRDA:19,1,0,0
BRDA:28,2,0,2
BRF:4
BRH:3
end_of_record
TN:
SF:src\controllers\auth_controller.ts
FN:13,(anonymous_8)
FN:13,(anonymous_9)
FN:51,sendError
FN:58,(anonymous_11)
FN:58,(anonymous_12)
FN:98,(anonymous_13)
FN:102,(anonymous_14)
FN:107,(anonymous_15)
FN:107,(anonymous_16)
FN:166,(anonymous_17)
FN:166,(anonymous_18)
FN:174,(anonymous_19)
FN:174,(anonymous_20)
FNF:13
FNH:8
FNDA:2,(anonymous_8)
FNDA:2,(anonymous_9)
FNDA:0,sendError
FNDA:7,(anonymous_11)
FNDA:7,(anonymous_12)
FNDA:1,(anonymous_13)
FNDA:1,(anonymous_14)
FNDA:1,(anonymous_15)
FNDA:1,(anonymous_16)
FNDA:0,(anonymous_17)
FNDA:0,(anonymous_18)
FNDA:0,(anonymous_19)
FNDA:0,(anonymous_20)
DA:2,2
DA:3,2
DA:4,2
DA:13,2
DA:14,2
DA:15,2
DA:16,2
DA:17,2
DA:18,2
DA:19,2
DA:20,0
DA:23,0
DA:25,2
DA:26,2
DA:27,2
DA:28,2
DA:29,0
DA:31,2
DA:32,2
DA:33,2
DA:34,2
DA:35,2
DA:41,2
DA:42,2
DA:43,2
DA:47,0
DA:52,0
DA:58,7
DA:60,7
DA:61,7
DA:62,7
DA:63,0
DA:65,7
DA:66,7
DA:67,7
DA:68,0
DA:70,7
DA:71,7
DA:72,0
DA:74,7
DA:79,7
DA:83,7
DA:84,7
DA:86,0
DA:88,7
DA:89,7
DA:93,0
DA:98,2
DA:102,1
DA:103,1
DA:104,1
DA:105,1
DA:106,1
DA:107,1
DA:108,1
DA:109,0
DA:110,0
DA:112,1
DA:113,0
DA:114,0
DA:116,1
DA:117,1
DA:118,1
DA:119,0
DA:120,0
DA:122,1
DA:123,1
DA:124,0
DA:125,0
DA:127,1
DA:128,0
DA:129,0
DA:131,1
DA:132,0
DA:133,0
DA:134,0
DA:135,0
DA:138,1
DA:144,1
DA:150,1
DA:151,1
DA:152,1
DA:154,0
DA:156,1
DA:158,1
DA:160,0
DA:161,0
DA:166,2
DA:167,0
DA:168,0
DA:169,0
DA:171,0
DA:174,0
DA:175,0
DA:176,0
DA:178,0
DA:179,0
DA:180,0
DA:182,0
DA:183,0
DA:184,0
DA:185,0
DA:188,0
DA:189,0
DA:191,0
DA:193,0
DA:199,2
LF:107
LH:62
BRDA:19,0,0,0
BRDA:28,1,0,0
BRDA:28,2,0,2
BRDA:28,2,1,2
BRDA:28,2,2,2
BRDA:28,2,3,2
BRDA:51,3,0,0
BRDA:62,4,0,0
BRDA:62,5,0,7
BRDA:62,5,1,7
BRDA:67,6,0,0
BRDA:71,7,0,0
BRDA:83,8,0,7
BRDA:83,8,1,0
BRDA:104,9,0,1
BRDA:104,9,1,1
BRDA:105,10,0,0
BRDA:108,11,0,0
BRDA:112,12,0,0
BRDA:118,13,0,0
BRDA:123,14,0,0
BRDA:123,14,1,1
BRDA:127,15,0,0
BRDA:131,16,0,0
BRDA:151,17,0,1
BRDA:151,17,1,0
BRDA:168,18,0,0
BRDA:168,18,1,0
BRDA:169,19,0,0
BRDA:175,20,0,0
BRDA:176,21,0,0
BRDA:180,22,0,0
BRDA:182,23,0,0
BRF:33
BRH:11
end_of_record
TN:
SF:src\controllers\base_controller.ts
FN:6,(anonymous_7)
FN:10,(anonymous_8)
FNF:2
FNH:1
FNDA:2,(anonymous_7)
FNDA:0,(anonymous_8)
DA:7,2
DA:11,0
DA:12,0
DA:14,0
DA:15,0
DA:16,0
DA:18,0
DA:19,0
DA:25,2
LF:9
LH:2
BRF:0
BRH:0
end_of_record
TN:
SF:src\controllers\post_controller.ts
FN:6,(anonymous_8)
FN:10,(anonymous_9)
FN:21,(anonymous_11)
FN:40,(anonymous_13)
FNF:4
FNH:4
FNDA:2,(anonymous_8)
FNDA:2,(anonymous_9)
FNDA:1,(anonymous_11)
FNDA:1,(anonymous_13)
DA:2,2
DA:3,2
DA:7,2
DA:11,2
DA:12,2
DA:13,2
DA:14,2
DA:16,0
DA:18,2
DA:22,1
DA:23,1
DA:30,1
DA:31,1
DA:32,1
DA:33,1
DA:34,1
DA:36,0
DA:41,1
DA:42,1
DA:43,1
DA:44,0
DA:45,0
DA:47,1
DA:48,1
DA:50,0
DA:55,2
LF:26
LH:21
BRDA:43,0,0,0
BRF:1
BRH:0
end_of_record
TN:
SF:src\models\post_model.ts
FNF:0
FNH:0
DA:1,2
DA:10,2
DA:33,2
LF:3
LH:3
BRF:0
BRH:0
end_of_record
TN:
SF:src\models\user_model.ts
FN:62,(anonymous_14)
FN:74,(anonymous_16)
FNF:2
FNH:2
FNDA:10,(anonymous_14)
FNDA:7,(anonymous_16)
DA:1,2
DA:2,2
DA:18,2
DA:62,2
DA:63,10
DA:65,2
DA:66,2
DA:67,2
DA:68,2
DA:70,0
DA:74,2
DA:77,7
DA:80,2
DA:82,2
LF:14
LH:13
BRDA:63,0,0,8
BRF:1
BRH:1
end_of_record
TN:
SF:src\routes\auth_route.ts
FNF:0
FNH:0
DA:1,2
DA:2,2
DA:3,2
DA:4,2
DA:7,2
DA:8,2
DA:9,2
DA:10,2
DA:12,2
LF:9
LH:9
BRF:0
BRH:0
end_of_record
TN:
SF:src\routes\post_routes.ts
FNF:0
FNH:0
DA:1,2
DA:2,2
DA:3,2
DA:4,2
DA:6,2
DA:8,2
DA:10,2
DA:12,2
DA:16,2
LF:9
LH:9
BRF:0
BRH:0
end_of_record
